\BOOKMARK [0][-]{chapter*.1}{\376\377\000L\000i\000s\000t\000\040\000o\000f\000\040\000T\000a\000b\000l\000e\000s}{}% 1
\BOOKMARK [0][-]{chapter*.2}{\376\377\000L\000i\000s\000t\000\040\000o\000f\000\040\000F\000i\000g\000u\000r\000e\000s}{}% 2
\BOOKMARK [0][-]{chapter*.3}{\376\377\000W\000e\000l\000c\000o\000m\000e}{}% 3
\BOOKMARK [0][-]{chapter*.9}{\376\377\000A\000b\000o\000u\000t\000\040\000t\000h\000e\000\040\000A\000u\000t\000h\000o\000r}{}% 4
\BOOKMARK [0][-]{chapter*.10}{\376\377\000D\000o\000\040\000y\000o\000u\000\040\000h\000a\000v\000e\000\040\000s\000o\000m\000e\000t\000h\000i\000n\000g\000\040\000t\000o\000\040\000c\000o\000n\000t\000r\000i\000b\000u\000t\000e\000?}{}% 5
\BOOKMARK [0][-]{chapter.1}{\376\377\000I\000n\000t\000r\000o\000d\000u\000c\000t\000i\000o\000n}{}% 6
\BOOKMARK [1][-]{section.1.1}{\376\377\000S\000o\000\040\000y\000o\000u\000\040\000a\000r\000e\000\040\000d\000o\000i\000n\000g\000\040\000a\000\040\000P\000h\000D\000?}{chapter.1}% 7
\BOOKMARK [2][-]{subsection.1.1.1}{\376\377\000W\000h\000a\000t\000\040\000i\000s\000\040\000a\000\040\000P\000h\000D\000?}{section.1.1}% 8
\BOOKMARK [2][-]{subsection.1.1.2}{\376\377\000I\000s\000\040\000a\000\040\000P\000h\000D\000\040\000m\000o\000r\000e\000\040\000t\000h\000a\000n\000\040\000a\000\040\000t\000h\000e\000s\000i\000s\000?}{section.1.1}% 9
\BOOKMARK [2][-]{subsection.1.1.3}{\376\377\000C\000r\000i\000t\000e\000r\000i\000a\000\040\000u\000s\000e\000d\000\040\000t\000o\000\040\000j\000u\000d\000g\000e\000\040\000P\000h\000D\000\040\000s\000t\000u\000d\000i\000e\000s}{section.1.1}% 10
\BOOKMARK [2][-]{subsection.1.1.4}{\376\377\000W\000h\000o\000\040\000a\000r\000e\000\040\000t\000h\000e\000\040\000e\000x\000a\000m\000i\000n\000e\000r\000s\000?}{section.1.1}% 11
\BOOKMARK [2][-]{subsection.1.1.5}{\376\377\000W\000h\000a\000t\000\040\000w\000i\000l\000l\000\040\000y\000o\000u\000\040\000d\000o\000\040\000a\000f\000t\000e\000r\000\040\000y\000o\000u\000r\000\040\000P\000h\000D\000?}{section.1.1}% 12
\BOOKMARK [2][-]{subsection.1.1.6}{\376\377\000T\000h\000i\000n\000k\000\040\000a\000b\000o\000u\000t\000\040\000y\000o\000u\000r\000\040\000c\000a\000r\000e\000e\000r\000\040\000b\000e\000f\000o\000r\000e\000\040\000y\000o\000u\000\040\000s\000t\000a\000r\000t\000\040\000y\000o\000u\000r\000\040\000P\000h\000D}{section.1.1}% 13
\BOOKMARK [2][-]{subsection.1.1.7}{\376\377\000D\000o\000n\000'\000t\000\040\000r\000e\000l\000y\000\040\000o\000n\000\040\000b\000e\000c\000o\000m\000i\000n\000g\000\040\000a\000n\000\040\000a\000c\000a\000d\000e\000m\000i\000c}{section.1.1}% 14
\BOOKMARK [2][-]{subsection.1.1.8}{\376\377\000D\000o\000i\000n\000g\000\040\000a\000\040\000P\000h\000D\000\040\000i\000s\000\040\000r\000e\000a\000l\000l\000y\000\040\000h\000a\000r\000d\000\040\000w\000o\000r\000k}{section.1.1}% 15
\BOOKMARK [2][-]{subsection.1.1.9}{\376\377\000Y\000o\000u\000r\000\040\000m\000e\000n\000t\000a\000l\000\040\000h\000e\000a\000l\000t\000h\000\040\000w\000i\000l\000l\000\040\000l\000i\000k\000e\000l\000y\000\040\000s\000u\000f\000f\000e\000r}{section.1.1}% 16
\BOOKMARK [2][-]{subsection.1.1.10}{\376\377\000A\000n\000y\000\040\000P\000h\000D\000\040\000h\000a\000s\000\040\000t\000o\000\040\000b\000e\000\040\000y\000o\000u\000r\000s}{section.1.1}% 17
\BOOKMARK [2][-]{subsection.1.1.11}{\376\377\000D\000o\000e\000s\000\040\000i\000t\000\040\000m\000a\000t\000t\000e\000r\000\040\000w\000h\000e\000r\000e\000\040\000y\000o\000u\000\040\000d\000o\000\040\000y\000o\000u\000r\000\040\000P\000h\000D\000?}{section.1.1}% 18
\BOOKMARK [2][-]{subsection.1.1.12}{\376\377\000W\000h\000a\000t\000\040\000t\000o\000\040\000l\000o\000o\000k\000\040\000f\000o\000r\000\040\000i\000n\000\040\000a\000n\000\040\000a\000d\000v\000i\000s\000o\000r}{section.1.1}% 19
\BOOKMARK [2][-]{subsection.1.1.13}{\376\377\000W\000h\000a\000t\000\040\000t\000o\000\040\000a\000v\000o\000i\000d\000\040\000i\000n\000\040\000a\000n\000\040\000a\000d\000v\000i\000s\000o\000r}{section.1.1}% 20
\BOOKMARK [2][-]{subsection.1.1.14}{\376\377\000W\000h\000a\000t\000\040\000m\000a\000k\000e\000s\000\040\000a\000\040\000g\000o\000o\000d\000\040\000p\000r\000o\000j\000e\000c\000t\000?}{section.1.1}% 21
\BOOKMARK [2][-]{subsection.1.1.15}{\376\377\000F\000u\000n\000d\000i\000n\000g\000\040\000y\000o\000u\000r\000\040\000P\000h\000D\000\040\000s\000t\000u\000d\000i\000e\000s}{section.1.1}% 22
\BOOKMARK [1][-]{section.1.2}{\376\377\000R\000e\000c\000o\000n\000c\000i\000l\000i\000n\000g\000\040\000y\000o\000u\000r\000s\000e\000l\000f\000\040\000t\000o\000\040\000d\000o\000i\000n\000g\000\040\000t\000h\000i\000n\000g\000s\000\040\000y\000o\000u\000'\000v\000e\000\040\000b\000e\000e\000n\000\040\000a\000v\000o\000i\000d\000i\000n\000g}{chapter.1}% 23
\BOOKMARK [2][-]{subsection.1.2.1}{\376\377\000A\000n\000d\000\040\000l\000e\000a\000r\000n\000i\000n\000g\000\040\000l\000o\000t\000s\000\040\000o\000f\000\040\000o\000t\000h\000e\000r\000\040\000s\000t\000u\000f\000f\040\046}{section.1.2}% 24
\BOOKMARK [1][-]{section.1.3}{\376\377\000T\000h\000e\000\040\000s\000c\000i\000e\000n\000t\000i\000f\000i\000c\000\040\000p\000r\000o\000j\000e\000c\000t\000\040\000a\000n\000d\000\040\000s\000c\000i\000e\000n\000t\000i\000f\000i\000c\000\040\000l\000i\000v\000i\000n\000g}{chapter.1}% 25
\BOOKMARK [2][-]{subsection.1.3.1}{\376\377\000E\000x\000a\000m\000p\000l\000e\000:\000\040\000I\000n\000v\000a\000s\000i\000v\000e\000\040\000s\000p\000e\000c\000i\000e\000s}{section.1.3}% 26
\BOOKMARK [2][-]{subsection.1.3.2}{\376\377\000S\000h\000o\000u\000l\000d\000\040\000s\000o\000c\000i\000e\000t\000y\000\040\000l\000e\000a\000d\000\040\000t\000h\000e\000\040\000s\000c\000i\000e\000n\000c\000e\000s\000\040\000o\000r\000\040\000s\000c\000i\000e\000n\000c\000e\000s\000\040\000l\000e\000a\000d\000\040\000s\000o\000c\000i\000e\000t\000y\000?}{section.1.3}% 27
\BOOKMARK [2][-]{subsection.1.3.3}{\376\377\000C\000a\000r\000l\000\040\000S\000a\000g\000a\000n\000'\000s\000\040\000`\000`\000B\000a\000l\000o\000n\000e\000y\000\040\000d\000e\000t\000e\000c\000t\000i\000o\000n\000\040\000k\000i\000t\000'\000'}{section.1.3}% 28
\BOOKMARK [2][-]{subsection.1.3.4}{\376\377\000L\000i\000v\000e\000\040\000y\000o\000u\000r\000\040\000l\000i\000f\000e\000\040\000s\000c\000i\000e\000n\000t\000i\000f\000i\000c}{section.1.3}% 29
\BOOKMARK [2][-]{subsection.1.3.5}{\376\377\000C\000i\000t\000i\000z\000e\000n\000\040\000s\000c\000i\000e\000n\000c\000e}{section.1.3}% 30
\BOOKMARK [1][-]{section.1.4}{\376\377\000A\000\040\000h\000e\000a\000l\000t\000h\000y\000\040\000b\000o\000d\000y\000\040\000t\000o\000\040\000g\000o\000\040\000w\000i\000t\000h\000\040\000y\000o\000u\000r\000\040\000P\000h\000D\000\040\000m\000i\000n\000d}{chapter.1}% 31
\BOOKMARK [2][-]{subsection.1.4.1}{\376\377\000B\000e\000i\000n\000g\000\040\000p\000h\000y\000s\000i\000c\000a\000l\000l\000y\000\040\000a\000c\000t\000i\000v\000e\000\040\000i\000m\000p\000r\000o\000v\000e\000s\000\040\000c\000o\000n\000c\000e\000n\000t\000r\000a\000t\000i\000o\000n}{section.1.4}% 32
\BOOKMARK [2][-]{subsection.1.4.2}{\376\377\000T\000i\000m\000e\000\040\000t\000o\000\040\000t\000h\000i\000n\000k}{section.1.4}% 33
\BOOKMARK [2][-]{subsection.1.4.3}{\376\377\000B\000a\000l\000a\000n\000c\000i\000n\000g\000\040\000w\000o\000r\000k\000\040\000w\000i\000t\000h\000\040\000l\000i\000f\000e}{section.1.4}% 34
\BOOKMARK [0][-]{chapter.2}{\376\377\000H\000o\000w\000\040\000t\000o\000\040\000g\000e\000t\000\040\000s\000t\000a\000r\000t\000e\000d\000\040\000w\000i\000t\000h\000\040\000w\000r\000i\000t\000i\000n\000g}{}% 35
\BOOKMARK [1][-]{section.2.1}{\376\377\000H\000o\000w\000\040\000t\000o\000\040\000w\000r\000i\000t\000e\000\040\000a\000\040\000h\000y\000p\000o\000t\000h\000e\000s\000i\000s}{chapter.2}% 36
\BOOKMARK [2][-]{subsection.2.1.1}{\376\377\000W\000h\000a\000t\000\040\000i\000s\000\040\000a\000\040\000h\000y\000p\000o\000t\000h\000e\000s\000i\000s\000?}{section.2.1}% 37
\BOOKMARK [2][-]{subsection.2.1.2}{\376\377\000W\000h\000a\000t\000\040\000a\000\040\000h\000y\000p\000o\000t\000h\000e\000s\000i\000s\000\040\000i\000s\000n\000'\000t}{section.2.1}% 38
\BOOKMARK [2][-]{subsection.2.1.3}{\376\377\000A\000\040\000f\000o\000r\000m\000u\000l\000a\000i\000c\000\040\000w\000a\000y\000\040\000t\000o\000\040\000s\000t\000a\000r\000t\000\040\000w\000r\000i\000t\000i\000n\000g\000\040\000y\000o\000u\000r\000\040\000h\000y\000p\000o\000t\000h\000e\000s\000i\000s\000:}{section.2.1}% 39
\BOOKMARK [2][-]{subsection.2.1.4}{\376\377\000T\000e\000l\000e\000o\000l\000o\000g\000i\000c\000a\000l\000\040\000v\000e\000r\000s\000u\000s\000\040\000C\000a\000u\000s\000a\000l\000\040\000H\000y\000p\000o\000t\000h\000e\000s\000e\000s}{section.2.1}% 40
\BOOKMARK [2][-]{subsection.2.1.5}{\376\377\000H\000o\000w\000\040\000t\000o\000\040\000e\000v\000a\000l\000u\000a\000t\000e\000\040\000y\000o\000u\000r\000\040\000h\000y\000p\000o\000t\000h\000e\000s\000i\000s}{section.2.1}% 41
\BOOKMARK [1][-]{section.2.2}{\376\377\000B\000e\000i\000n\000g\000\040\000a\000w\000a\000r\000e\000\040\000t\000h\000a\000t\000\040\000y\000o\000u\000\040\000c\000a\000n\000\040\000g\000e\000t\000\040\000i\000t\000\040\000w\000r\000o\000n\000g}{chapter.2}% 42
\BOOKMARK [2][-]{subsection.2.2.1}{\376\377\000C\000h\000a\000n\000g\000i\000n\000g\000\040\000t\000h\000e\000\040\000l\000i\000k\000e\000l\000i\000h\000o\000o\000d\000\040\000o\000f\000\040\000a\000\040\000h\000y\000p\000o\000t\000h\000e\000s\000i\000s}{section.2.2}% 43
\BOOKMARK [2][-]{subsection.2.2.2}{\376\377\000I\000n\000c\000r\000e\000a\000s\000i\000n\000g\000\040\000t\000h\000e\000\040\000s\000t\000a\000t\000i\000s\000t\000i\000c\000a\000l\000\040\000p\000o\000w\000e\000r}{section.2.2}% 44
\BOOKMARK [1][-]{section.2.3}{\376\377\000W\000h\000a\000t\000\040\000h\000a\000p\000p\000e\000n\000s\000\040\000i\000f\000\040\000y\000o\000u\000\040\000d\000o\000n\000'\000t\000\040\000h\000a\000v\000e\000\040\000a\000\040\000h\000y\000p\000o\000t\000h\000e\000s\000i\000s\000?}{chapter.2}% 45
\BOOKMARK [2][-]{subsection.2.3.1}{\376\377\000C\000e\000n\000t\000r\000a\000l\000\040\000p\000r\000o\000b\000l\000e\000m\000a\000t\000i\000c}{section.2.3}% 46
\BOOKMARK [2][-]{subsection.2.3.2}{\376\377\000D\000o\000e\000s\000\040\000i\000t\000\040\000m\000a\000t\000t\000e\000r\000\040\000t\000h\000a\000t\000\040\000y\000o\000u\000\040\000d\000o\000n\000'\000t\000\040\000h\000a\000v\000e\000\040\000a\000\040\000h\000y\000p\000o\000t\000h\000e\000s\000i\000s\000?}{section.2.3}% 47
\BOOKMARK [2][-]{subsection.2.3.3}{\376\377\000A\000v\000o\000i\000d\000\040\000H\000A\000R\000K\000i\000n\000g}{section.2.3}% 48
\BOOKMARK [1][-]{section.2.4}{\376\377\000W\000h\000a\000t\000'\000s\000\040\000t\000h\000e\000\040\000b\000i\000g\000\040\000i\000d\000e\000a\000?}{chapter.2}% 49
\BOOKMARK [2][-]{subsection.2.4.1}{\376\377\000T\000h\000e\000\040\000f\000u\000n\000n\000e\000l\000\040\000i\000n\000t\000r\000o\000d\000u\000c\000t\000i\000o\000n}{section.2.4}% 50
\BOOKMARK [2][-]{subsection.2.4.2}{\376\377\000S\000o\000\040\000w\000h\000e\000r\000e\000\040\000w\000o\000u\000l\000d\000\040\000w\000e\000\040\000f\000i\000n\000d\000\040\000a\000l\000l\000\040\000o\000f\000\040\000t\000h\000e\000s\000e\000\040\000b\000i\000g\000\040\000i\000d\000e\000a\000s\000?}{section.2.4}% 51
\BOOKMARK [1][-]{section.2.5}{\376\377\000W\000r\000i\000t\000i\000n\000g\000\040\000a\000\040\000p\000a\000r\000a\000g\000r\000a\000p\000h}{chapter.2}% 52
\BOOKMARK [2][-]{subsection.2.5.1}{\376\377\000T\000o\000p\000i\000c\000\040\000s\000e\000n\000t\000e\000n\000c\000e}{section.2.5}% 53
\BOOKMARK [2][-]{subsection.2.5.2}{\376\377\000S\000u\000p\000p\000o\000r\000t\000i\000n\000g\000\040\000s\000e\000n\000t\000e\000n\000c\000e\000s}{section.2.5}% 54
\BOOKMARK [2][-]{subsection.2.5.3}{\376\377\000T\000h\000e\000\040\000m\000a\000g\000i\000c\000\040\000o\000f\000\040\000t\000h\000r\000e\000e\000s}{section.2.5}% 55
\BOOKMARK [2][-]{subsection.2.5.4}{\376\377\000U\000s\000e\000\040\000a\000n\000\040\000e\000x\000a\000m\000p\000l\000e}{section.2.5}% 56
\BOOKMARK [2][-]{subsection.2.5.5}{\376\377\000A\000v\000o\000i\000d\000\040\000l\000i\000s\000t\000s}{section.2.5}% 57
\BOOKMARK [2][-]{subsection.2.5.6}{\376\377\000T\000h\000e\000\040\000l\000a\000s\000t\000\040\000s\000e\000n\000t\000e\000n\000c\000e\000\040\000o\000f\000\040\000t\000h\000e\000\040\000p\000a\000r\000a\000g\000r\000a\000p\000h\000:\000\040\000t\000h\000e\000\040\000c\000l\000i\000n\000c\000h\000e\000r}{section.2.5}% 58
\BOOKMARK [2][-]{subsection.2.5.7}{\376\377\000A\000b\000o\000v\000e\000\040\000a\000l\000l\000\040\000-\000\040\000r\000e\000a\000d\000\040\000i\000t\000!}{section.2.5}% 59
\BOOKMARK [2][-]{subsection.2.5.8}{\376\377\000H\000o\000w\000\040\000d\000o\000e\000s\000\040\000t\000h\000e\000\040\000p\000a\000r\000a\000g\000r\000a\000p\000h\000\040\000f\000i\000t\000\040\000i\000n\000t\000o\000\040\000t\000h\000e\000\040\000f\000l\000o\000w\000?}{section.2.5}% 60
\BOOKMARK [2][-]{subsection.2.5.9}{\376\377\000S\000e\000e\000d\000i\000n\000g\000\040\000i\000d\000e\000a\000s}{section.2.5}% 61
\BOOKMARK [2][-]{subsection.2.5.10}{\376\377\000B\000r\000e\000a\000k\000i\000n\000g\000\040\000t\000h\000e\000\040\000r\000u\000l\000e\000s}{section.2.5}% 62
\BOOKMARK [2][-]{subsection.2.5.11}{\376\377\000S\000o\000m\000e\000\040\000c\000o\000m\000m\000o\000n\000\040\000p\000a\000r\000a\000g\000r\000a\000p\000h\000\040\000m\000i\000s\000t\000a\000k\000e\000s}{section.2.5}% 63
\BOOKMARK [1][-]{section.2.6}{\376\377\000C\000o\000n\000s\000t\000r\000u\000c\000t\000\040\000a\000\040\000l\000o\000g\000i\000c\000a\000l\000\040\000a\000r\000g\000u\000m\000e\000n\000t\000\040\000i\000n\000\040\000y\000o\000u\000r\000\040\000w\000r\000i\000t\000i\000n\000g}{chapter.2}% 64
\BOOKMARK [2][-]{subsection.2.6.1}{\376\377\000A\000r\000g\000u\000m\000e\000n\000t\000s\000\040\000i\000n\000\040\000L\000a\000t\000i\000n}{section.2.6}% 65
\BOOKMARK [1][-]{section.2.7}{\376\377\000S\000t\000o\000r\000y\000t\000e\000l\000l\000i\000n\000g\000\040\000i\000n\000\040\000s\000c\000i\000e\000n\000c\000e\000?}{chapter.2}% 66
\BOOKMARK [2][-]{subsection.2.7.1}{\376\377\000T\000h\000e\000\040\000d\000a\000n\000g\000e\000r\000\040\000o\000f\000\040\000a\000\040\000t\000e\000l\000e\000o\000l\000o\000g\000i\000c\000a\000l\000\040\000a\000r\000g\000u\000m\000e\000n\000t}{section.2.7}% 67
\BOOKMARK [2][-]{subsection.2.7.2}{\376\377\000S\000C\000i\000e\000n\000c\000e\000\040\000i\000s\000\040\000t\000h\000e\000\040\000v\000e\000r\000y\000\040\000o\000p\000p\000o\000s\000i\000t\000e\000\040\000o\000f\000\040\000s\000t\000o\000r\000y\000t\000e\000l\000l\000i\000n\000g\000.\000\040\000O\000r\000\040\000i\000s\000\040\000i\000t\000?}{section.2.7}% 68
\BOOKMARK [2][-]{subsection.2.7.3}{\376\377\000C\000a\000n\000\040\000s\000t\000o\000r\000y\000t\000e\000l\000l\000i\000n\000g\000\040\000h\000e\000l\000p\000\040\000m\000e\000m\000o\000r\000y\000\040\000o\000f\000\040\000s\000c\000i\000e\000n\000c\000e\000?}{section.2.7}% 69
\BOOKMARK [1][-]{section.2.8}{\376\377\000W\000h\000y\000\040\000d\000o\000\040\000y\000o\000u\000\040\000n\000e\000e\000d\000\040\000t\000o\000\040\000c\000i\000t\000e\000?}{chapter.2}% 70
\BOOKMARK [2][-]{subsection.2.8.1}{\376\377\000R\000e\000s\000e\000a\000r\000c\000h\000\040\000i\000s\000\040\000b\000u\000i\000l\000t\000\040\000o\000n\000\040\000e\000x\000i\000s\000t\000i\000n\000g\000\040\000w\000o\000r\000k\000\040\000a\000n\000d\000\040\000i\000d\000e\000a\000s}{section.2.8}% 71
\BOOKMARK [2][-]{subsection.2.8.2}{\376\377\000Y\000o\000u\000r\000\040\000c\000i\000t\000a\000t\000i\000o\000n\000s\000\040\000s\000a\000y\000\040\000a\000\040\000l\000o\000t\000\040\000a\000b\000o\000u\000t\000\040\000y\000o\000u}{section.2.8}% 72
\BOOKMARK [2][-]{subsection.2.8.3}{\376\377\000C\000i\000t\000e\000\040\000w\000h\000i\000l\000e\000\040\000y\000o\000u\000\040\000w\000r\000i\000t\000e\000\040\000\050\000n\000o\000t\000\040\000a\000f\000t\000e\000r\000w\000a\000r\000d\000s\000\051}{section.2.8}% 73
\BOOKMARK [2][-]{subsection.2.8.4}{\376\377\000C\000i\000t\000a\000t\000i\000o\000n\000\040\000S\000t\000y\000l\000e\000s}{section.2.8}% 74
\BOOKMARK [2][-]{subsection.2.8.5}{\376\377\000M\000o\000v\000i\000n\000g\000\040\000f\000r\000o\000m\000\040\000H\000a\000r\000v\000a\000r\000d\000\040\000t\000o\000\040\000V\000a\000n\000c\000o\000u\000v\000e\000r}{section.2.8}% 75
\BOOKMARK [2][-]{subsection.2.8.6}{\376\377\000W\000h\000e\000r\000e\000\040\000w\000i\000t\000h\000i\000n\000\040\000a\000\040\000s\000e\000n\000t\000e\000n\000c\000e\000\040\000s\000h\000o\000u\000l\000d\000\040\000t\000h\000e\000\040\000c\000i\000t\000a\000t\000i\000o\000n\000\040\000c\000o\000m\000e\000?}{section.2.8}% 76
\BOOKMARK [2][-]{subsection.2.8.7}{\376\377\000W\000h\000a\000t\000\040\000a\000b\000o\000u\000t\000\040\000t\000h\000e\000\040\000o\000r\000d\000e\000r\000\040\000o\000f\000\040\000t\000h\000e\000\040\000c\000i\000t\000a\000t\000i\000o\000n\000s\000\040\000i\000n\000\040\000a\000\040\000s\000t\000r\000i\000n\000g\000?}{section.2.8}% 77
\BOOKMARK [2][-]{subsection.2.8.8}{\376\377\000W\000h\000a\000t\000\040\000a\000b\000o\000u\000t\000\040\000c\000i\000t\000a\000t\000i\000o\000n\000s\000\040\000a\000s\000\040\000t\000a\000x\000o\000n\000o\000m\000i\000c\000\040\000a\000u\000t\000h\000o\000r\000i\000t\000i\000e\000s\000?}{section.2.8}% 78
\BOOKMARK [2][-]{subsection.2.8.9}{\376\377\000I\000s\000\040\000i\000t\000\040\000p\000o\000s\000s\000i\000b\000l\000e\000\040\000t\000o\000\040\000m\000i\000s\000-\000c\000i\000t\000e\000?}{section.2.8}% 79
\BOOKMARK [2][-]{subsection.2.8.10}{\376\377\000S\000h\000o\000u\000l\000d\000\040\000I\000\040\000c\000i\000t\000e\000\040\000w\000i\000t\000h\000o\000u\000t\000\040\000r\000e\000a\000d\000i\000n\000g\000\040\000t\000h\000e\000\040\000p\000a\000p\000e\000r\000?}{section.2.8}% 80
\BOOKMARK [2][-]{subsection.2.8.11}{\376\377\000W\000h\000a\000t\000\040\000s\000h\000o\000u\000l\000d\000\040\000I\000\040\000n\000o\000t\000\040\000c\000i\000t\000e\000?}{section.2.8}% 81
\BOOKMARK [2][-]{subsection.2.8.12}{\376\377\000D\000o\000\040\000I\000\040\000c\000i\000t\000e\000\040\000t\000h\000e\000\040\000r\000e\000v\000i\000e\000w\000\040\000o\000r\000\040\000t\000h\000e\000\040\000p\000r\000i\000m\000a\000r\000y\000\040\000l\000i\000t\000e\000r\000a\000t\000u\000r\000e\000?}{section.2.8}% 82
\BOOKMARK [2][-]{subsection.2.8.13}{\376\377\000W\000h\000a\000t\000\040\000i\000s\000\040\000p\000r\000i\000m\000a\000c\000y\000\040\000a\000n\000d\000\040\000w\000h\000y\000\040\000d\000o\000e\000s\000\040\000i\000t\000\040\000m\000a\000t\000t\000e\000r\000?}{section.2.8}% 83
\BOOKMARK [2][-]{subsection.2.8.14}{\376\377\000H\000o\000w\000\040\000m\000a\000n\000y\000\040\000c\000i\000t\000a\000t\000i\000o\000n\000s\000\040\000i\000s\000\040\000e\000n\000o\000u\000g\000h\000?}{section.2.8}% 84
\BOOKMARK [2][-]{subsection.2.8.15}{\376\377\000S\000h\000o\000u\000l\000d\000\040\000I\000\040\000c\000i\000t\000e\000\040\000m\000y\000s\000e\000l\000f\000?}{section.2.8}% 85
\BOOKMARK [2][-]{subsection.2.8.16}{\376\377\000S\000h\000o\000u\000l\000d\000\040\000I\000\040\000c\000i\000t\000e\000\040\000m\000y\000\040\000f\000r\000i\000e\000n\000d\000s\000?}{section.2.8}% 86
\BOOKMARK [2][-]{subsection.2.8.17}{\376\377\000D\000o\000e\000s\000\040\000t\000h\000e\000\040\000i\000m\000p\000a\000c\000t\000\040\000f\000a\000c\000t\000o\000r\000\040\000o\000f\000\040\000t\000h\000e\000\040\000c\000i\000t\000e\000d\000\040\000a\000r\000t\000i\000c\000l\000e\000\040\000m\000a\000t\000t\000e\000r\000?}{section.2.8}% 87
\BOOKMARK [1][-]{section.2.9}{\376\377\000L\000i\000t\000e\000r\000a\000t\000u\000r\000e\000\040\000d\000a\000t\000a\000b\000a\000s\000e\000s}{chapter.2}% 88
\BOOKMARK [2][-]{subsection.2.9.1}{\376\377\000S\000e\000a\000r\000c\000h\000i\000n\000g\000\040\000t\000h\000e\000\040\000l\000i\000t\000e\000r\000a\000t\000u\000r\000e\000\040\000u\000s\000i\000n\000g\000\040\000a\000\040\000d\000a\000t\000a\000b\000a\000s\000e}{section.2.9}% 89
\BOOKMARK [2][-]{subsection.2.9.2}{\376\377\000K\000e\000y\000w\000o\000r\000d\000s}{section.2.9}% 90
\BOOKMARK [2][-]{subsection.2.9.3}{\376\377\000A\000d\000m\000i\000n\000i\000s\000t\000r\000a\000t\000o\000r\000s\000\040\000w\000a\000n\000t\000\040\000m\000e\000t\000r\000i\000c\000s}{section.2.9}% 91
\BOOKMARK [2][-]{subsection.2.9.4}{\376\377\000G\000o\000o\000g\000l\000e\000\040\000S\000c\000h\000o\000l\000a\000r\000,\000\040\000W\000e\000b\000\040\000o\000f\000\040\000S\000c\000i\000e\000n\000c\000e\000\040\000o\000r\000\040\000S\000c\000o\000p\000u\000s\000?}{section.2.9}% 92
\BOOKMARK [2][-]{subsection.2.9.5}{\376\377\000W\000h\000a\000t\000'\000s\000\040\000t\000h\000e\000\040\000d\000i\000f\000f\000e\000r\000e\000n\000c\000e\000\040\000b\000e\000t\000w\000e\000e\000n\000\040\000i\000n\000d\000i\000c\000e\000s\000?}{section.2.9}% 93
\BOOKMARK [1][-]{section.2.10}{\376\377\000W\000h\000a\000t\000\040\000s\000o\000f\000t\000w\000a\000r\000e\000\040\000s\000h\000o\000u\000l\000d\000\040\000I\000\040\000u\000s\000e\000\040\000t\000o\000\040\000w\000r\000i\000t\000e\000\040\000m\000y\000\040\000P\000h\000D\000?}{chapter.2}% 94
\BOOKMARK [2][-]{subsection.2.10.1}{\376\377\000A\000l\000t\000e\000r\000n\000a\000t\000i\000v\000e\000s\000\040\000t\000o\000\040\000c\000o\000n\000v\000e\000n\000t\000i\000o\000n\000a\000l\000\040\000w\000o\000r\000d\000\040\000p\000r\000o\000c\000e\000s\000s\000o\000r\000s}{section.2.10}% 95
\BOOKMARK [2][-]{subsection.2.10.2}{\376\377\000N\000a\000m\000i\000n\000g\000\040\000v\000e\000r\000s\000i\000o\000n\000s\000\040\000o\000f\000\040\000f\000i\000l\000e\000s}{section.2.10}% 96
\BOOKMARK [2][-]{subsection.2.10.3}{\376\377\000H\000o\000w\000\040\000m\000a\000n\000y\000\040\000v\000e\000r\000s\000i\000o\000n\000s\000\040\000o\000f\000\040\000e\000a\000c\000h\000\040\000f\000i\000l\000e\000\040\000s\000h\000o\000u\000l\000d\000\040\000y\000o\000u\000\040\000k\000e\000e\000p\000?}{section.2.10}% 97
\BOOKMARK [1][-]{section.2.11}{\376\377\000H\000o\000w\000\040\000t\000o\000\040\000g\000e\000t\000\040\000a\000r\000o\000u\000n\000d\000\040\000t\000h\000e\000\040\000p\000a\000y\000w\000a\000l\000l}{chapter.2}% 98
\BOOKMARK [2][-]{subsection.2.11.1}{\376\377\000G\000o\000\040\000t\000o\000\040\000y\000o\000u\000r\000\040\000l\000i\000b\000r\000a\000r\000y}{section.2.11}% 99
\BOOKMARK [2][-]{subsection.2.11.2}{\376\377\000L\000o\000o\000k\000\040\000f\000o\000r\000\040\000l\000i\000n\000k\000s\000\040\000f\000r\000o\000m\000\040\000G\000o\000o\000g\000l\000e\000\040\000S\000c\000h\000o\000l\000a\000r}{section.2.11}% 100
\BOOKMARK [2][-]{subsection.2.11.3}{\376\377\000G\000o\000o\000g\000l\000e\000\040\000t\000h\000e\000\040\000t\000i\000t\000l\000e\000\040\000i\000n\000\040\000q\000u\000o\000t\000e\000s}{section.2.11}% 101
\BOOKMARK [2][-]{subsection.2.11.4}{\376\377\000G\000o\000\040\000t\000o\000\040\000t\000h\000e\000\040\000a\000u\000t\000h\000o\000r\000\040\000w\000e\000b\000s\000i\000t\000e\000s\000\040\000a\000n\000d\000\040\000l\000o\000o\000k\000\040\000f\000o\000r\000\040\000l\000i\000n\000k\000s}{section.2.11}% 102
\BOOKMARK [2][-]{subsection.2.11.5}{\376\377\000G\000o\000\040\000t\000o\000\040\000a\000n\000\040\000a\000c\000a\000d\000e\000m\000i\000c\000\040\000s\000o\000c\000i\000a\000l\000\040\000m\000e\000d\000i\000a\000\040\000s\000i\000t\000e}{section.2.11}% 103
\BOOKMARK [2][-]{subsection.2.11.6}{\376\377\000G\000o\000\040\000i\000n\000t\000o\000\040\000t\000h\000e\000\040\000b\000l\000a\000c\000k\000\040\000o\000p\000e\000n\000\040\000a\000c\000c\000e\000s\000s}{section.2.11}% 104
\BOOKMARK [2][-]{subsection.2.11.7}{\376\377\000U\000s\000e\000\040\000y\000o\000u\000r\000\040\000c\000o\000n\000t\000a\000c\000t\000s\000\040\000a\000t\000\040\000o\000t\000h\000e\000r\000\040\000u\000n\000i\000v\000e\000r\000s\000i\000t\000i\000e\000s}{section.2.11}% 105
\BOOKMARK [2][-]{subsection.2.11.8}{\376\377\000G\000o\000\040\000b\000a\000c\000k\000\040\000t\000o\000\040\000y\000o\000u\000\040\000l\000i\000b\000r\000a\000r\000i\000a\000n\000\040\000a\000n\000d\000\040\000a\000s\000k\000\040\000t\000h\000e\000m\000\040\000f\000o\000r\000\040\000h\000e\000l\000p}{section.2.11}% 106
\BOOKMARK [2][-]{subsection.2.11.9}{\376\377\000G\000e\000t\000\040\000a\000n\000\040\000i\000n\000t\000e\000r\000l\000i\000b\000r\000a\000r\000y\000\040\000l\000o\000a\000n}{section.2.11}% 107
\BOOKMARK [1][-]{section.2.12}{\376\377\000S\000c\000i\000e\000n\000t\000i\000f\000i\000c\000\040\000n\000a\000m\000e\000s\000\040\000a\000n\000d\000\040\000t\000a\000x\000o\000n\000o\000m\000i\000c\000\040\000a\000u\000t\000h\000o\000r\000i\000t\000i\000e\000s}{chapter.2}% 108
\BOOKMARK [2][-]{subsection.2.12.1}{\376\377\000S\000c\000i\000e\000n\000t\000i\000f\000i\000c\000\040\000n\000a\000m\000e\000s}{section.2.12}% 109
\BOOKMARK [2][-]{subsection.2.12.2}{\376\377\000D\000i\000f\000f\000e\000r\000e\000n\000t\000\040\000c\000o\000d\000e\000s\000\040\000f\000o\000r\000\040\000t\000h\000e\000\040\000n\000o\000m\000e\000n\000c\000l\000a\000t\000u\000r\000e\000\040\000o\000f\000\040\000d\000i\000f\000f\000e\000r\000e\000n\000t\000\040\000t\000a\000x\000a}{section.2.12}% 110
\BOOKMARK [2][-]{subsection.2.12.3}{\376\377\000C\000o\000m\000m\000o\000n\000\040\000n\000a\000m\000e\000s}{section.2.12}% 111
\BOOKMARK [2][-]{subsection.2.12.4}{\376\377\000S\000h\000o\000u\000l\000d\000\040\000c\000o\000m\000m\000o\000n\000\040\000n\000a\000m\000e\000s\000\040\000h\000a\000v\000e\000\040\000c\000a\000p\000i\000t\000a\000l\000s\000?}{section.2.12}% 112
\BOOKMARK [1][-]{section.2.13}{\376\377\000W\000r\000i\000t\000i\000n\000g\000\040\000s\000t\000y\000l\000e}{chapter.2}% 113
\BOOKMARK [2][-]{subsection.2.13.1}{\376\377\000D\000o\000n\000'\000t\000\040\000b\000a\000m\000b\000o\000o\000z\000l\000e}{section.2.13}% 114
\BOOKMARK [1][-]{section.2.14}{\376\377\000W\000h\000e\000n\000\040\000i\000s\000\040\000i\000t\000\040\000p\000o\000s\000s\000i\000b\000l\000e\000\040\000t\000o\000\040\000r\000e\000t\000a\000i\000n\000\040\000y\000o\000u\000r\000\040\000o\000w\000n\000\040\000v\000o\000i\000c\000e\000\040\000w\000h\000e\000n\000\040\000w\000r\000i\000t\000i\000n\000g\000?}{chapter.2}% 115
\BOOKMARK [2][-]{subsection.2.14.1}{\376\377\000D\000o\000e\000s\000\040\000w\000r\000i\000t\000i\000n\000g\000\040\000`\000`\000I\000'\000'\000\040\000o\000r\000\040\000`\000`\000w\000e\000'\000'\000\040\000h\000e\000l\000p\000\040\000p\000e\000o\000p\000l\000e\000\040\000t\000o\000\040\000u\000n\000d\000e\000r\000s\000t\000a\000n\000d\000\040\000w\000h\000o\000\040\000y\000o\000u\000\040\000a\000r\000e\000?}{section.2.14}% 116
\BOOKMARK [2][-]{subsection.2.14.2}{\376\377\000T\000h\000e\000\040\000V\000o\000n\000n\000e\000g\000u\000t\000\040\000a\000d\000v\000i\000c\000e}{section.2.14}% 117
\BOOKMARK [1][-]{section.2.15}{\376\377\000W\000r\000i\000t\000i\000n\000g\000\040\000c\000o\000n\000c\000i\000s\000e\000l\000y}{chapter.2}% 118
\BOOKMARK [2][-]{subsection.2.15.1}{\376\377\000R\000u\000l\000e\000\040\0001\000.\000\040\000T\000a\000k\000e\000\040\000w\000r\000i\000t\000i\000n\000g\000\040\000s\000e\000r\000i\000o\000u\000s\000l\000y}{section.2.15}% 119
\BOOKMARK [2][-]{subsection.2.15.2}{\376\377\000R\000u\000l\000e\000\040\0002\000:\000\040\000I\000d\000e\000n\000t\000i\000f\000y\000\040\000a\000n\000d\000\040\000s\000t\000i\000c\000k\000\040\000t\000o\000\040\000y\000o\000u\000r\000\040\000m\000e\000s\000s\000a\000g\000e}{section.2.15}% 120
\BOOKMARK [2][-]{subsection.2.15.3}{\376\377\000R\000u\000l\000e\000\040\0003\000:\000\040\000G\000e\000t\000\040\000t\000o\000\040\000t\000h\000e\000\040\000p\000o\000i\000n\000t}{section.2.15}% 121
\BOOKMARK [2][-]{subsection.2.15.4}{\376\377\000R\000u\000l\000e\000\040\0004\000:\000\040\000K\000e\000e\000p\000\040\000y\000o\000u\000r\000\040\000M\000e\000t\000h\000o\000d\000s\000\040\000a\000n\000d\000\040\000R\000e\000s\000u\000l\000t\000s\000\040\000c\000o\000n\000t\000a\000i\000n\000e\000d}{section.2.15}% 122
\BOOKMARK [2][-]{subsection.2.15.5}{\376\377\000R\000u\000l\000e\000\040\0005\000:\000\040\000D\000o\000\040\000n\000o\000t\000\040\000r\000e\000p\000e\000a\000t\000\040\000y\000o\000u\000r\000s\000e\000l\000f\000\040\000\050\000t\000o\000o\000\040\000o\000f\000t\000e\000n\000\051}{section.2.15}% 123
\BOOKMARK [2][-]{subsection.2.15.6}{\376\377\000R\000u\000l\000e\000\040\0006\000:\000\040\000A\000v\000o\000i\000d\000\040\000u\000n\000n\000e\000c\000e\000s\000s\000a\000r\000y\000\040\000o\000r\000\040\000i\000n\000e\000f\000f\000i\000c\000i\000e\000n\000t\000\040\000`\000`\000l\000e\000a\000d\040\020\000i\000n\000s\000'\000'}{section.2.15}% 124
\BOOKMARK [2][-]{subsection.2.15.7}{\376\377\000R\000u\000l\000e\000\040\0007\000:\000\040\000U\000s\000e\000\040\000f\000i\000r\000s\000t\040\020\000p\000e\000r\000s\000o\000n\000,\000\040\000a\000c\000t\000i\000v\000e\000\040\000v\000o\000i\000c\000e}{section.2.15}% 125
\BOOKMARK [2][-]{subsection.2.15.8}{\376\377\000R\000u\000l\000e\000\040\0008\000:\000\040\000R\000e\000m\000o\000v\000e\000\040\000u\000n\000n\000e\000c\000e\000s\000s\000a\000r\000y\000\040\000w\000o\000r\000d\000s}{section.2.15}% 126
\BOOKMARK [2][-]{subsection.2.15.9}{\376\377\000R\000u\000l\000e\000\040\0009\000:\000\040\000S\000i\000m\000p\000l\000i\000f\000y\000\040\000y\000o\000u\000r\000\040\000l\000a\000n\000g\000u\000a\000g\000e}{section.2.15}% 127
\BOOKMARK [2][-]{subsection.2.15.10}{\376\377\000R\000u\000l\000e\000\040\0001\0000\000:\000\040\000S\000e\000e\000k\000\040\000a\000n\000d\000\040\000e\000m\000b\000r\000a\000c\000e\000\040\000f\000e\000e\000d\000b\000a\000c\000k}{section.2.15}% 128
\BOOKMARK [2][-]{subsection.2.15.11}{\376\377\000R\000u\000l\000e\000\040\0001\0001\000:\000\040\000R\000e\000a\000d\000\040\000i\000t\000\040\000y\000o\000u\000r\000s\000e\000l\000f}{section.2.15}% 129
\BOOKMARK [1][-]{section.2.16}{\376\377\000W\000r\000i\000t\000i\000n\000g\000\040\000a\000\040\000P\000h\000D\000\040\000i\000f\000\040\000E\000n\000g\000l\000i\000s\000h\000\040\000i\000s\000\040\000n\000o\000t\000\040\000y\000o\000u\000r\000\040\000f\000i\000r\000s\000t\000\040\000l\000a\000n\000g\000u\000a\000g\000e}{chapter.2}% 130
\BOOKMARK [2][-]{subsection.2.16.1}{\376\377\000M\000e\000s\000s\000a\000g\000e\000\040\000f\000r\000o\000m\000\040\000a\000n\000\040\000e\000d\000i\000t\000o\000r}{section.2.16}% 131
\BOOKMARK [2][-]{subsection.2.16.2}{\376\377\000M\000u\000s\000t\000\040\000a\000\040\000`\000n\000a\000t\000i\000v\000e\000\040\000E\000n\000g\000l\000i\000s\000h\000\040\000s\000p\000e\000a\000k\000e\000r\000'\000\040\000c\000h\000e\000c\000k\000\040\000y\000o\000u\000r\000\040\000w\000o\000r\000k\000?}{section.2.16}% 132
\BOOKMARK [2][-]{subsection.2.16.3}{\376\377\000S\000o\000\040\000i\000f\000\040\000n\000o\000t\000\040\000a\000\040\000n\000a\000t\000i\000v\000e\000\040\000E\000n\000g\000l\000i\000s\000h\000\040\000s\000p\000e\000a\000k\000e\000r\000,\000\040\000w\000h\000o\000\040\000s\000h\000o\000u\000l\000d\000\040\000d\000o\000\040\000i\000t\000?}{section.2.16}% 133
\BOOKMARK [2][-]{subsection.2.16.4}{\376\377\000B\000u\000t\000\040\000s\000u\000r\000e\000l\000y\000\040\000m\000y\000\040\000n\000a\000t\000i\000v\000e\000\040\000t\000o\000n\000g\000u\000e\000\040\000c\000a\000n\000\040\000b\000e\000\040\000u\000s\000e\000d\000\040\000f\000o\000r\000\040\000s\000o\000m\000e\000t\000h\000i\000n\000g\000?}{section.2.16}% 134
\BOOKMARK [1][-]{section.2.17}{\376\377\000M\000a\000k\000i\000n\000g\000\040\000s\000u\000r\000e\000\040\000t\000h\000a\000t\000\040\000y\000o\000u\000\040\000d\000o\000n\000'\000t\000\040\000p\000l\000a\000g\000i\000a\000r\000i\000s\000e}{chapter.2}% 135
\BOOKMARK [2][-]{subsection.2.17.1}{\376\377\000H\000o\000w\000\040\000t\000o\000\040\000k\000n\000o\000w\000\040\000i\000f\000\040\000y\000o\000u\000\040\000h\000a\000v\000e\000\040\000p\000l\000a\000g\000i\000a\000r\000i\000s\000e\000d}{section.2.17}% 136
\BOOKMARK [2][-]{subsection.2.17.2}{\376\377\000W\000h\000a\000t\000\040\000t\000o\000\040\000d\000o\000\040\000i\000f\000\040\000p\000l\000a\000g\000i\000a\000r\000i\000s\000m\000\040\000i\000s\000\040\000d\000e\000t\000e\000c\000t\000e\000d\000\040\000i\000n\000\040\000y\000o\000u\000r\000\040\000w\000o\000r\000k}{section.2.17}% 137
\BOOKMARK [2][-]{subsection.2.17.3}{\376\377\000H\000o\000w\000\040\000c\000a\000n\000\040\000y\000o\000u\000\040\000m\000a\000k\000e\000\040\000s\000u\000r\000e\000\040\000t\000h\000a\000t\000\040\000y\000o\000u\000\040\000n\000e\000v\000e\000r\000\040\000p\000l\000a\000g\000i\000a\000r\000i\000s\000e\000?}{section.2.17}% 138
\BOOKMARK [2][-]{subsection.2.17.4}{\376\377\000W\000h\000a\000t\000\040\000i\000s\000\040\000g\000r\000e\000y\000\040\000p\000l\000a\000g\000i\000a\000r\000i\000s\000m\000?}{section.2.17}% 139
\BOOKMARK [2][-]{subsection.2.17.5}{\376\377\000M\000a\000n\000u\000s\000c\000r\000i\000p\000t\000\040\000r\000e\000c\000y\000c\000l\000i\000n\000g}{section.2.17}% 140
\BOOKMARK [2][-]{subsection.2.17.6}{\376\377\000O\000v\000e\000r\000a\000l\000l\000\040\000-\000\040\000j\000u\000s\000t\000\040\000d\000o\000n\000'\000t\000\040\000p\000l\000a\000g\000i\000a\000r\000i\000s\000e}{section.2.17}% 141
\BOOKMARK [1][-]{section.2.18}{\376\377\000A\000c\000a\000d\000e\000m\000i\000c\000\040\000p\000h\000r\000a\000s\000e\000b\000a\000n\000k}{chapter.2}% 142
\BOOKMARK [2][-]{subsection.2.18.1}{\376\377\000H\000o\000w\000\040\000t\000o\000\040\000f\000i\000n\000d\000\040\000t\000h\000e\000\040\000p\000h\000r\000a\000s\000e\000\040\000t\000h\000a\000t\000\040\000y\000o\000u\000\040\000n\000e\000e\000d\000:}{section.2.18}% 143
\BOOKMARK [2][-]{subsection.2.18.2}{\376\377\000G\000e\000t\000t\000i\000n\000g\000\040\000s\000t\000a\000r\000t\000e\000d}{section.2.18}% 144
\BOOKMARK [1][-]{section.2.19}{\376\377\000W\000h\000y\000\040\000c\000r\000i\000t\000i\000c\000a\000l\000\040\000r\000e\000a\000d\000i\000n\000g\000\040\000i\000s\000\040\000c\000r\000u\000c\000i\000a\000l\000\040\000f\000o\000r\000\040\000i\000m\000p\000r\000o\000v\000i\000n\000g\000\040\000y\000o\000u\000r\000\040\000w\000r\000i\000t\000i\000n\000g}{chapter.2}% 145
\BOOKMARK [2][-]{subsection.2.19.1}{\376\377\000M\000a\000k\000i\000n\000g\000\040\000n\000o\000t\000e\000s\000\040\000o\000n\000\040\000g\000o\000o\000d\000\040\000a\000n\000d\000\040\000b\000a\000d\000\040\000s\000t\000y\000l\000e\000s}{section.2.19}% 146
\BOOKMARK [2][-]{subsection.2.19.2}{\376\377\000M\000a\000k\000e\000\040\000h\000a\000n\000d\000w\000r\000i\000t\000t\000e\000n\000\040\000n\000o\000t\000e\000s}{section.2.19}% 147
\BOOKMARK [2][-]{subsection.2.19.3}{\376\377\000R\000e\000c\000o\000g\000n\000i\000s\000i\000n\000g\000\040\000g\000o\000o\000d\000\040\000o\000r\000\040\000b\000a\000d\000\040\000i\000n\000\040\000w\000h\000a\000t\000\040\000y\000o\000u\000\040\000r\000e\000a\000d}{section.2.19}% 148
\BOOKMARK [1][-]{section.2.20}{\376\377\000W\000h\000a\000t\000\040\000i\000s\000\040\000n\000e\000e\000d\000e\000d\000\040\000f\000o\000r\000\040\000y\000o\000u\000r\000\040\000r\000e\000s\000e\000a\000r\000c\000h\000\040\000p\000r\000o\000p\000o\000s\000a\000l\000?}{chapter.2}% 149
\BOOKMARK [2][-]{subsection.2.20.1}{\376\377\000S\000t\000r\000u\000c\000t\000u\000r\000e}{section.2.20}% 150
\BOOKMARK [2][-]{subsection.2.20.2}{\376\377\000P\000r\000o\000p\000o\000s\000a\000l\000\040\000i\000n\000t\000r\000o\000d\000u\000c\000t\000i\000o\000n}{section.2.20}% 151
\BOOKMARK [2][-]{subsection.2.20.3}{\376\377\000M\000e\000t\000h\000o\000d\000s\000\040\000a\000n\000d\000\040\000M\000a\000t\000e\000r\000i\000a\000l\000s}{section.2.20}% 152
\BOOKMARK [2][-]{subsection.2.20.4}{\376\377\000H\000y\000p\000o\000t\000h\000e\000t\000i\000c\000a\000l\000\040\000R\000e\000s\000u\000l\000t\000s}{section.2.20}% 153
\BOOKMARK [2][-]{subsection.2.20.5}{\376\377\000Y\000o\000u\000r\000\040\000P\000r\000o\000p\000o\000s\000a\000l\000\040\000-\000\040\000w\000h\000a\000t\000\040\000i\000s\000\040\000i\000t\000\040\000g\000o\000o\000d\000\040\000f\000o\000r\000?}{section.2.20}% 154
\BOOKMARK [1][-]{section.2.21}{\376\377\000M\000a\000k\000i\000n\000g\000\040\000a\000\040\000p\000r\000e\000s\000e\000n\000t\000a\000t\000i\000o\000n\000\040\000f\000r\000o\000m\000\040\000y\000o\000u\000r\000\040\000c\000h\000a\000p\000t\000e\000r\000,\000\040\000p\000a\000p\000e\000r\000\040\000o\000r\000\040\000p\000r\000o\000p\000o\000s\000a\000l}{chapter.2}% 155
\BOOKMARK [2][-]{subsection.2.21.1}{\376\377\000S\000o\000\040\000w\000h\000e\000r\000e\000\040\000d\000o\000\040\000y\000o\000u\000\040\000s\000t\000a\000r\000t\000?}{section.2.21}% 156
\BOOKMARK [2][-]{subsection.2.21.2}{\376\377\000K\000n\000o\000w\000\040\000y\000o\000u\000r\000\040\000s\000t\000o\000r\000y\000\040\000f\000i\000r\000s\000t\000,\000\040\000a\000n\000d\000\040\000t\000h\000e\000n\000\040\000m\000a\000k\000e\000\040\000y\000o\000u\000r\000\040\000p\000r\000e\000s\000e\000n\000t\000a\000t\000i\000o\000n}{section.2.21}% 157
\BOOKMARK [2][-]{subsection.2.21.3}{\376\377\000S\000l\000i\000d\000e\000\040\000l\000a\000y\000o\000u\000t}{section.2.21}% 158
\BOOKMARK [2][-]{subsection.2.21.4}{\376\377\000P\000r\000a\000c\000t\000i\000c\000e\000,\000\040\000p\000r\000a\000c\000t\000i\000c\000e\000,\000\040\000p\000r\000a\000c\000t\000i\000c\000e}{section.2.21}% 159
\BOOKMARK [1][-]{section.2.22}{\376\377\000S\000t\000a\000r\000t\000i\000n\000g\000\040\000o\000u\000t\000\040\000t\000r\000a\000n\000s\000p\000a\000r\000e\000n\000t}{chapter.2}% 160
\BOOKMARK [2][-]{subsection.2.22.1}{\376\377\000P\000r\000e\000r\000e\000g\000i\000s\000t\000r\000a\000t\000i\000o\000n}{section.2.22}% 161
\BOOKMARK [2][-]{subsection.2.22.2}{\376\377\000T\000r\000a\000n\000s\000p\000a\000r\000e\000n\000c\000y\000\040\000a\000s\000\040\000y\000o\000u\000\040\000m\000o\000v\000e\000\040\000f\000o\000r\000w\000a\000r\000d\000s}{section.2.22}% 162
\BOOKMARK [1][-]{section.2.23}{\376\377\000G\000e\000n\000e\000r\000a\000t\000i\000n\000g\000\040\000f\000u\000n\000d\000i\000n\000g\000\040\000f\000o\000r\000\040\000y\000o\000u\000r\000\040\000P\000h\000D\000\040\000r\000e\000s\000e\000a\000r\000c\000h}{chapter.2}% 163
\BOOKMARK [2][-]{subsection.2.23.1}{\376\377\000F\000u\000n\000d\000i\000n\000g\000\040\000d\000a\000t\000a\000b\000a\000s\000e\000s}{section.2.23}% 164
\BOOKMARK [2][-]{subsection.2.23.2}{\376\377\000R\000e\000a\000s\000o\000n\000s\000\040\000y\000o\000u\000\040\000m\000i\000g\000h\000t\000\040\000w\000a\000n\000t\000\040\000t\000o\000\040\000a\000p\000p\000l\000y\000\040\000f\000o\000r\000\040\000f\000u\000n\000d\000i\000n\000g\000:}{section.2.23}% 165
\BOOKMARK [1][-]{section.2.24}{\376\377\000F\000e\000a\000r\000\040\000o\000f\000\040\000s\000u\000b\000m\000i\000t\000t\000i\000n\000g\000\040\000w\000r\000i\000t\000t\000e\000n\000\040\000w\000o\000r\000k}{chapter.2}% 166
\BOOKMARK [2][-]{subsection.2.24.1}{\376\377\000W\000h\000a\000t\000\040\000i\000s\000\040\000i\000m\000p\000o\000s\000t\000o\000r\000\040\000s\000y\000n\000d\000r\000o\000m\000e\000?}{section.2.24}% 167
\BOOKMARK [2][-]{subsection.2.24.2}{\376\377\000T\000h\000i\000n\000k\000\040\000o\000f\000\040\000i\000t\000\040\000t\000h\000i\000s\000\040\000w\000a\000y}{section.2.24}% 168
\BOOKMARK [2][-]{subsection.2.24.3}{\376\377\000W\000h\000a\000t\000\040\000c\000a\000n\000\040\000y\000o\000u\000\040\000d\000o\000\040\000t\000o\000\040\000h\000e\000l\000p\000\040\000y\000o\000u\000r\000s\000e\000l\000f\000\040\000o\000v\000e\000r\000c\000o\000m\000e\000\040\000t\000h\000e\000\040\000f\000e\000a\000r\000\040\000o\000f\000\040\000s\000u\000b\000m\000i\000t\000t\000i\000n\000g\000\040\000w\000r\000i\000t\000t\000e\000n\000\040\000w\000o\000r\000k\000?}{section.2.24}% 169
\BOOKMARK [1][-]{section.2.25}{\376\377\000W\000h\000y\000\040\000u\000s\000e\000\040\000a\000\040\000f\000o\000r\000m\000u\000l\000a\000\040\000t\000o\000\040\000s\000t\000r\000u\000c\000t\000u\000r\000e\000\040\000e\000a\000c\000h\000\040\000c\000h\000a\000p\000t\000e\000r\000\040\000o\000r\000\040\000p\000a\000p\000e\000r\000?}{chapter.2}% 170
\BOOKMARK [2][-]{subsection.2.25.1}{\376\377\000S\000o\000\040\000w\000h\000a\000t\000\040\000i\000s\000\040\000t\000h\000e\000\040\000f\000o\000r\000m\000u\000l\000a\000?}{section.2.25}% 171
\BOOKMARK [1][-]{section.2.26}{\376\377\000W\000h\000e\000n\000\040\000i\000s\000\040\000i\000t\000\040\000g\000o\000o\000d\000\040\000e\000n\000o\000u\000g\000h\000\040\000t\000o\000\040\000s\000u\000b\000m\000i\000t\000\040\000t\000o\000\040\000m\000y\000\040\000a\000d\000v\000i\000s\000o\000r\000?}{chapter.2}% 172
\BOOKMARK [1][-]{section.2.27}{\376\377\000D\000a\000t\000a\000\040\000M\000a\000n\000a\000g\000e\000m\000e\000n\000t}{chapter.2}% 173
\BOOKMARK [2][-]{subsection.2.27.1}{\376\377\000S\000h\000o\000u\000l\000d\000\040\000t\000h\000e\000\040\000c\000l\000o\000u\000d\000\040\000b\000e\000\040\000t\000h\000e\000\040\000o\000n\000l\000y\000\040\000c\000o\000p\000y\000\040\000o\000f\000\040\000y\000o\000u\000r\000\040\000d\000a\000t\000a\000?}{section.2.27}% 174
\BOOKMARK [2][-]{subsection.2.27.2}{\376\377\000B\000a\000c\000k\000i\000n\000g\000\040\000u\000p\000\040\000i\000n\000\040\000t\000h\000e\000\040\000f\000i\000e\000l\000d}{section.2.27}% 175
\BOOKMARK [2][-]{subsection.2.27.3}{\376\377\000M\000a\000k\000e\000\040\000a\000\040\000d\000a\000t\000a\000\040\000m\000a\000n\000a\000g\000e\000m\000e\000n\000t\000\040\000p\000l\000a\000n\000,\000\040\000a\000n\000d\000\040\000s\000t\000i\000c\000k\000\040\000t\000o\000\040\000i\000t}{section.2.27}% 176
\BOOKMARK [0][-]{chapter.3}{\376\377\000W\000r\000i\000t\000i\000n\000g\000\040\000t\000h\000e\000\040\000s\000e\000c\000t\000i\000o\000n\000s\000\040\000t\000h\000a\000t\000\040\000m\000a\000k\000e\000\040\000u\000p\000\040\000y\000o\000u\000r\000\040\000c\000h\000a\000p\000t\000e\000r}{}% 177
\BOOKMARK [1][-]{section.3.1}{\376\377\000T\000i\000t\000l\000e\000\040\000p\000a\000g\000e}{chapter.3}% 178
\BOOKMARK [2][-]{subsection.3.1.1}{\376\377\000N\000a\000m\000e\000s\000\040\000a\000n\000d\000\040\000a\000d\000d\000r\000e\000s\000s\000e\000s\000\040\000a\000r\000e\000\040\000i\000m\000p\000o\000r\000t\000a\000n\000t}{section.3.1}% 179
\BOOKMARK [2][-]{subsection.3.1.2}{\376\377\000T\000h\000e\000\040\000T\000i\000t\000l\000e}{section.3.1}% 180
\BOOKMARK [2][-]{subsection.3.1.3}{\376\377\000K\000e\000y\000\040\000W\000o\000r\000d\000s}{section.3.1}% 181
\BOOKMARK [1][-]{section.3.2}{\376\377\000T\000h\000e\000\040\000A\000b\000s\000t\000r\000a\000c\000t}{chapter.3}% 182
\BOOKMARK [2][-]{subsection.3.2.1}{\376\377\000W\000h\000a\000t\000\040\000i\000s\000\040\000t\000h\000e\000\040\000a\000b\000s\000t\000r\000a\000c\000t\000?}{section.3.2}% 183
\BOOKMARK [2][-]{subsection.3.2.2}{\376\377\000S\000o\000\040\000w\000h\000a\000t\000\040\000w\000o\000u\000l\000d\000\040\000a\000\040\000g\000o\000o\000d\000\040\000a\000b\000s\000t\000r\000a\000c\000t\000\040\000c\000o\000n\000t\000a\000i\000n\000?}{section.3.2}% 184
\BOOKMARK [2][-]{subsection.3.2.3}{\376\377\000W\000h\000e\000r\000e\000\040\000d\000o\000\040\000y\000o\000u\000\040\000s\000t\000a\000r\000t\000?}{section.3.2}% 185
\BOOKMARK [2][-]{subsection.3.2.4}{\376\377\000W\000h\000e\000n\000\040\000d\000o\000\040\000y\000o\000u\000\040\000w\000r\000i\000t\000e\000\040\000y\000o\000u\000r\000\040\000a\000b\000s\000t\000r\000a\000c\000t\000?}{section.3.2}% 186
\BOOKMARK [2][-]{subsection.3.2.5}{\376\377\000D\000o\000\040\000a\000b\000s\000t\000r\000a\000c\000t\000s\000\040\000f\000o\000r\000\040\000c\000o\000n\000f\000e\000r\000e\000n\000c\000e\000s\000\040\000d\000i\000f\000f\000e\000r\000?}{section.3.2}% 187
\BOOKMARK [2][-]{subsection.3.2.6}{\376\377\000W\000h\000e\000r\000e\000\040\000d\000o\000\040\000p\000e\000o\000p\000l\000e\000\040\000g\000o\000\040\000w\000r\000o\000n\000g\000\040\000i\000n\000\040\000w\000r\000i\000t\000i\000n\000g\000\040\000t\000h\000e\000\040\000a\000b\000s\000t\000r\000a\000c\000t\000?}{section.3.2}% 188
\BOOKMARK [1][-]{section.3.3}{\376\377\000T\000h\000e\000\040\000I\000n\000t\000r\000o\000d\000u\000c\000t\000i\000o\000n}{chapter.3}% 189
\BOOKMARK [2][-]{subsection.3.3.1}{\376\377\000W\000h\000y\000\040\000d\000o\000\040\000w\000e\000\040\000n\000e\000e\000d\000\040\000a\000n\000\040\000i\000n\000t\000r\000o\000d\000u\000c\000t\000i\000o\000n\000?}{section.3.3}% 190
\BOOKMARK [2][-]{subsection.3.3.2}{\376\377\000S\000o\000\040\000w\000h\000a\000t\000\040\000d\000o\000\040\000w\000e\000\040\000p\000u\000t\000\040\000i\000n\000t\000o\000\040\000t\000h\000e\000\040\000i\000n\000t\000r\000o\000d\000u\000c\000t\000i\000o\000n\000?}{section.3.3}% 191
\BOOKMARK [2][-]{subsection.3.3.3}{\376\377\000A\000n\000d\000\040\000t\000h\000e\000\040\000c\000o\000n\000s\000t\000r\000u\000c\000t\000i\000o\000n\040\046\000?}{section.3.3}% 192
\BOOKMARK [1][-]{section.3.4}{\376\377\000T\000h\000e\000\040\000M\000a\000t\000e\000r\000i\000a\000l\000s\000\040\000a\000n\000d\000\040\000M\000e\000t\000h\000o\000d\000s}{chapter.3}% 193
\BOOKMARK [2][-]{subsection.3.4.1}{\376\377\000S\000e\000c\000t\000i\000o\000n\000s\000\040\000o\000r\000\040\000s\000u\000b\000h\000e\000a\000d\000i\000n\000g\000s}{section.3.4}% 194
\BOOKMARK [2][-]{subsection.3.4.2}{\376\377\000S\000t\000u\000d\000y\000\040\000o\000r\000g\000a\000n\000i\000s\000m\000\040\000o\000r\000\040\000s\000t\000u\000d\000y\000\040\000s\000y\000s\000t\000e\000m}{section.3.4}% 195
\BOOKMARK [2][-]{subsection.3.4.3}{\376\377\000A\000n\000i\000m\000a\000l\000\040\000h\000u\000s\000b\000a\000n\000d\000r\000y\000\040\000/\000\040\000G\000r\000o\000w\000i\000n\000g\000\040\000C\000o\000n\000d\000i\000t\000i\000o\000n\000s\000\040\000/\000\040\000C\000u\000l\000t\000u\000r\000i\000n\000g\000\040\000T\000e\000c\000h\000n\000i\000q\000u\000e\000s}{section.3.4}% 196
\BOOKMARK [2][-]{subsection.3.4.4}{\376\377\000R\000e\000p\000e\000t\000i\000t\000i\000v\000e\000\040\000m\000e\000t\000h\000o\000d\000o\000l\000o\000g\000y}{section.3.4}% 197
\BOOKMARK [2][-]{subsection.3.4.5}{\376\377\000D\000o\000\040\000y\000o\000u\000\040\000n\000e\000e\000d\000\040\000t\000o\000\040\000i\000n\000c\000l\000u\000d\000e\000\040\000f\000o\000r\000m\000u\000l\000a\000e\000?}{section.3.4}% 198
\BOOKMARK [2][-]{subsection.3.4.6}{\376\377\000E\000x\000p\000e\000r\000i\000m\000e\000n\000t\000a\000l\000\040\000m\000a\000n\000i\000p\000u\000l\000a\000t\000i\000o\000n\000s\000\040\000a\000n\000d\000\040\000d\000a\000t\000a\000\040\000c\000o\000l\000l\000e\000c\000t\000i\000o\000n}{section.3.4}% 199
\BOOKMARK [2][-]{subsection.3.4.7}{\376\377\000D\000a\000t\000a\000\040\000a\000n\000a\000l\000y\000s\000i\000s}{section.3.4}% 200
\BOOKMARK [2][-]{subsection.3.4.8}{\376\377\000D\000i\000d\000\040\000y\000o\000u\000\040\000l\000e\000a\000v\000e\000\040\000a\000n\000y\000t\000h\000i\000n\000g\000\040\000o\000u\000t\000?}{section.3.4}% 201
\BOOKMARK [1][-]{section.3.5}{\376\377\000T\000h\000e\000\040\000R\000e\000s\000u\000l\000t\000s}{chapter.3}% 202
\BOOKMARK [2][-]{subsection.3.5.1}{\376\377\000T\000h\000e\000\040\000c\000o\000r\000r\000e\000c\000t\000\040\000a\000p\000p\000r\000o\000a\000c\000h\000\040\000-\000\040\000r\000e\000s\000p\000o\000n\000d\000i\000n\000g\000\040\000t\000o\000\040\000y\000o\000u\000r\000\040\000h\000y\000p\000o\000t\000h\000e\000s\000e\000s}{section.3.5}% 203
\BOOKMARK [2][-]{subsection.3.5.2}{\376\377\000W\000h\000e\000n\000\040\000t\000o\000\040\000h\000a\000v\000e\000\040\000a\000\040\000t\000a\000b\000l\000e\000\040\000o\000r\000\040\000g\000r\000a\000p\000h\000?}{section.3.5}% 204
\BOOKMARK [2][-]{subsection.3.5.3}{\376\377\000D\000e\000s\000c\000r\000i\000p\000t\000i\000v\000e\000\040\000r\000e\000s\000u\000l\000t\000s}{section.3.5}% 205
\BOOKMARK [2][-]{subsection.3.5.4}{\376\377\000R\000e\000s\000p\000o\000n\000d\000i\000n\000g\000\040\000t\000o\000\040\000h\000y\000p\000o\000t\000h\000e\000s\000e\000s}{section.3.5}% 206
\BOOKMARK [2][-]{subsection.3.5.5}{\376\377\000C\000o\000m\000m\000o\000n\000\040\000M\000i\000s\000t\000a\000k\000e\000s}{section.3.5}% 207
\BOOKMARK [1][-]{section.3.6}{\376\377\000T\000h\000e\000\040\000D\000i\000s\000c\000u\000s\000s\000i\000o\000n}{chapter.3}% 208
\BOOKMARK [2][-]{subsection.3.6.1}{\376\377\000F\000i\000r\000s\000t\000\040\000p\000a\000r\000a\000g\000r\000a\000p\000h\000\040\000o\000f\000\040\000t\000h\000e\000\040\000d\000i\000s\000c\000u\000s\000s\000i\000o\000n}{section.3.6}% 209
\BOOKMARK [2][-]{subsection.3.6.2}{\376\377\000T\000o\000\040\000s\000u\000b\000-\000s\000e\000c\000t\000i\000o\000n\000\040\000o\000r\000\040\000n\000o\000t\000\040\000t\000o\000\040\000s\000u\000b\000-\000s\000e\000c\000t\000i\000o\000n\000\040\000t\000h\000e\000\040\000d\000i\000s\000c\000u\000s\000s\000i\000o\000n\000?}{section.3.6}% 210
\BOOKMARK [2][-]{subsection.3.6.3}{\376\377\000C\000a\000v\000e\000a\000t\000s\000\040\000a\000n\000d\000\040\000l\000i\000m\000i\000t\000a\000t\000i\000o\000n\000s}{section.3.6}% 211
\BOOKMARK [2][-]{subsection.3.6.4}{\376\377\000S\000h\000o\000u\000l\000d\000\040\000y\000o\000u\000\040\000s\000p\000e\000c\000u\000l\000a\000t\000e\000\040\000i\000n\000\040\000t\000h\000e\000\040\000d\000i\000s\000c\000u\000s\000s\000i\000o\000n\000?}{section.3.6}% 212
\BOOKMARK [2][-]{subsection.3.6.5}{\376\377\000D\000o\000n\000'\000t\000\040\000b\000e\000a\000t\000\040\000u\000p\000\040\000o\000n\000\040\000o\000t\000h\000e\000r\000s}{section.3.6}% 213
\BOOKMARK [2][-]{subsection.3.6.6}{\376\377\000W\000h\000e\000r\000e\000\040\000n\000e\000x\000t\000?}{section.3.6}% 214
\BOOKMARK [2][-]{subsection.3.6.7}{\376\377\000L\000a\000s\000t\000\040\000p\000a\000r\000a\000g\000r\000a\000p\000h}{section.3.6}% 215
\BOOKMARK [1][-]{section.3.7}{\376\377\000T\000h\000e\000\040\000A\000c\000k\000n\000o\000w\000l\000e\000d\000g\000e\000m\000e\000n\000t\000s}{chapter.3}% 216
\BOOKMARK [2][-]{subsection.3.7.1}{\376\377\000T\000h\000a\000n\000k\000\040\000y\000o\000u\000r\000\040\000f\000u\000n\000d\000e\000r\000s}{section.3.7}% 217
\BOOKMARK [2][-]{subsection.3.7.2}{\376\377\000P\000e\000o\000p\000l\000e\000\040\000a\000n\000d\000\040\000o\000r\000g\000a\000n\000i\000s\000a\000t\000i\000o\000n\000s\000\040\000t\000o\000\040\000t\000h\000a\000n\000k}{section.3.7}% 218
\BOOKMARK [2][-]{subsection.3.7.3}{\376\377\000W\000h\000o\000\040\000n\000o\000t\000\040\000t\000o\000\040\000t\000h\000a\000n\000k\000\040\000\050\000i\000n\000\040\000y\000o\000u\000r\000\040\000m\000a\000n\000u\000s\000c\000r\000i\000p\000t\000\040\000a\000c\000k\000n\000o\000w\000l\000e\000d\000g\000e\000m\000e\000n\000t\000s\000\051}{section.3.7}% 219
\BOOKMARK [1][-]{section.3.8}{\376\377\000T\000h\000e\000\040\000R\000e\000f\000e\000r\000e\000n\000c\000e\000s}{chapter.3}% 220
\BOOKMARK [2][-]{subsection.3.8.1}{\376\377\000D\000i\000g\000i\000t\000a\000l\000\040\000O\000b\000j\000e\000c\000t\000\040\000I\000d\000e\000n\000t\000i\000f\000i\000e\000r\000s\000\040\000\050\000D\000O\000I\000s\000\051}{section.3.8}% 221
\BOOKMARK [1][-]{section.3.9}{\376\377\000T\000a\000b\000l\000e\000s}{chapter.3}% 222
\BOOKMARK [1][-]{section.3.10}{\376\377\000F\000i\000g\000u\000r\000e\000s}{chapter.3}% 223
\BOOKMARK [2][-]{subsection.3.10.1}{\376\377\000G\000r\000a\000p\000h\000s}{section.3.10}% 224
\BOOKMARK [2][-]{subsection.3.10.2}{\376\377\000M\000a\000p\000s}{section.3.10}% 225
\BOOKMARK [2][-]{subsection.3.10.3}{\376\377\000C\000o\000n\000c\000e\000p\000t\000u\000a\000l\000\040\000d\000i\000a\000g\000r\000a\000m}{section.3.10}% 226
\BOOKMARK [2][-]{subsection.3.10.4}{\376\377\000T\000h\000e\000\040\000c\000o\000m\000p\000o\000s\000i\000t\000e\000\040\000f\000i\000g\000u\000r\000e}{section.3.10}% 227
\BOOKMARK [2][-]{subsection.3.10.5}{\376\377\000S\000e\000n\000d\000i\000n\000g\000\040\000y\000o\000u\000r\000\040\000g\000r\000a\000p\000h\000i\000c\000s\000\040\000f\000i\000l\000e\000\040\000t\000o\000\040\000t\000h\000e\000\040\000p\000u\000b\000l\000i\000s\000h\000e\000r}{section.3.10}% 228
\BOOKMARK [2][-]{subsection.3.10.6}{\376\377\000T\000h\000e\000\040\000f\000i\000g\000u\000r\000e\000\040\000l\000e\000g\000e\000n\000d}{section.3.10}% 229
\BOOKMARK [1][-]{section.3.11}{\376\377\000W\000h\000o\000\040\000d\000i\000d\000\040\000w\000h\000a\000t\000?}{chapter.3}% 230
\BOOKMARK [2][-]{subsection.3.11.1}{\376\377\000C\000R\000e\000d\000i\000T\000\040\000w\000h\000e\000r\000e\000\040\000i\000t\000'\000s\000\040\000d\000u\000e}{section.3.11}% 231
\BOOKMARK [2][-]{subsection.3.11.2}{\376\377\000O\000r\000d\000e\000r\000i\000n\000g\000\040\000t\000h\000e\000\040\000a\000u\000t\000h\000o\000r\000\040\000l\000i\000n\000e\000\040\000u\000p}{section.3.11}% 232
\BOOKMARK [1][-]{section.3.12}{\376\377\000S\000u\000p\000p\000l\000e\000m\000e\000n\000t\000a\000r\000y\000\040\000M\000a\000t\000e\000r\000i\000a\000l}{chapter.3}% 233
\BOOKMARK [2][-]{subsection.3.12.1}{\376\377\000W\000h\000a\000t\000\040\000c\000a\000n\000\040\000g\000o\000\040\000i\000n\000t\000o\000\040\000S\000u\000p\000p\000l\000e\000m\000e\000n\000t\000a\000r\000y\000\040\000M\000a\000t\000e\000r\000i\000a\000l\000?}{section.3.12}% 234
\BOOKMARK [2][-]{subsection.3.12.2}{\376\377\000T\000h\000e\000r\000e\000\040\000h\000a\000s\000\040\000b\000e\000e\000n\000\040\000a\000\040\000b\000i\000g\000\040\000m\000o\000v\000e\000m\000e\000n\000t\000\040\000t\000o\000w\000a\000r\000d\000\040\000t\000r\000a\000n\000s\000p\000a\000r\000e\000n\000c\000y\000\040\000a\000n\000d\000\040\000r\000e\000p\000e\000a\000t\000a\000b\000i\000l\000i\000t\000y\000\040\000o\000f\000\040\000s\000c\000i\000e\000n\000t\000i\000f\000i\000c\000\040\000s\000t\000u\000d\000i\000e\000s}{section.3.12}% 235
\BOOKMARK [2][-]{subsection.3.12.3}{\376\377\000W\000h\000y\000\040\000s\000t\000o\000p\000\040\000w\000i\000t\000h\000\040\000j\000u\000s\000t\000\040\000d\000e\000p\000o\000s\000i\000t\000i\000n\000g\000\040\000y\000o\000u\000r\000\040\000d\000a\000t\000a\000\040\000a\000n\000d\000\040\000a\000n\000a\000l\000y\000s\000e\000s\000\040\000o\000n\000l\000i\000n\000e\000?}{section.3.12}% 236
\BOOKMARK [0][-]{chapter.4}{\376\377\000F\000o\000r\000m\000a\000t\000t\000i\000n\000g\000\040\000y\000o\000u\000r\000\040\000t\000h\000e\000s\000i\000s}{}% 237
\BOOKMARK [1][-]{subsection.4.0.1}{\376\377\000M\000u\000s\000t\000\040\000d\000o\000\040\000c\000h\000e\000c\000k\000-\000l\000i\000s\000t\000\040\000b\000e\000f\000o\000r\000e\000\040\000s\000u\000b\000m\000i\000t\000t\000i\000n\000g\000\040\000y\000o\000u\000r\000\040\000t\000h\000e\000s\000i\000s\000:}{chapter.4}% 238
\BOOKMARK [2][-]{subsection.4.0.2}{\376\377\000M\000i\000s\000t\000a\000k\000e\000s\000\040\000p\000e\000o\000p\000l\000e\000\040\000m\000a\000k\000e\000:}{subsection.4.0.1}% 239
\BOOKMARK [0][-]{chapter*.41}{\376\377\000T\000h\000e\000\040\000o\000b\000l\000i\000g\000a\000t\000o\000i\000n\000\040\000t\000o\000\040\000p\000u\000b\000l\000i\000s\000h\000\040\000y\000o\000u\000r\000\040\000w\000o\000r\000k}{}% 240
\BOOKMARK [0][-]{chapter*.42}{\376\377\000L\000a\000s\000t\000\040\000n\000o\000t\000e}{}% 241
\BOOKMARK [0][-]{chapter*.43}{\376\377\000B\000i\000b\000l\000i\000o\000g\000r\000a\000p\000h\000y}{}% 242
\BOOKMARK [0][-]{chapter*.43}{\376\377\000I\000n\000d\000e\000x}{}% 243
\BOOKMARK [1][-]{section*.44}{}{chapter*.43}% 244
